<?xml version="1.0" encoding="UTF-8"?>
<testng-results ignored="0" total="2" passed="2" failed="0" skipped="0">
  <reporter-output>
  </reporter-output>
  <suite started-at="2021-12-03T12:47:20 IST" name="Suite" finished-at="2021-12-03T12:47:44 IST" duration-ms="23904">
    <groups>
    </groups>
    <test started-at="2021-12-03T12:47:20 IST" name="Chrome Test" finished-at="2021-12-03T12:47:44 IST" duration-ms="23683">
      <class name="com.WeatherShopper.UI.Testcases.TC0001">
        <test-method is-config="true" signature="setUp(java.lang.String)[pri:0, instance:com.WeatherShopper.UI.Testcases.TC0001@45dd4eda]" started-at="2021-12-03T12:47:20 IST" name="setUp" finished-at="2021-12-03T12:47:25 IST" duration-ms="4311" status="PASS">
          <params>
            <param index="0">
              <value>
                <![CDATA[chrome]]>
              </value>
            </param>
          </params>
          <reporter-output>
          </reporter-output>
        </test-method> <!-- setUp -->
        <test-method signature="endToEndTest()[pri:0, instance:com.WeatherShopper.UI.Testcases.TC0001@45dd4eda]" started-at="2021-12-03T12:47:25 IST" name="endToEndTest" finished-at="2021-12-03T12:47:43 IST" duration-ms="18945" status="PASS">
          <reporter-output>
          </reporter-output>
        </test-method> <!-- endToEndTest -->
        <test-method is-config="true" signature="tearDown()[pri:0, instance:com.WeatherShopper.UI.Testcases.TC0001@45dd4eda]" started-at="2021-12-03T12:47:43 IST" name="tearDown" finished-at="2021-12-03T12:47:44 IST" duration-ms="402" status="PASS">
          <reporter-output>
          </reporter-output>
        </test-method> <!-- tearDown -->
      </class> <!-- com.WeatherShopper.UI.Testcases.TC0001 -->
    </test> <!-- Chrome Test -->
    <test started-at="2021-12-03T12:47:20 IST" name="Edge Test" finished-at="2021-12-03T12:47:44 IST" duration-ms="23904">
      <class name="com.WeatherShopper.UI.Testcases.TC0001">
        <test-method is-config="true" signature="setUp(java.lang.String)[pri:0, instance:com.WeatherShopper.UI.Testcases.TC0001@7995092a]" started-at="2021-12-03T12:47:20 IST" name="setUp" finished-at="2021-12-03T12:47:26 IST" duration-ms="5713" status="PASS">
          <params>
            <param index="0">
              <value>
                <![CDATA[Edge]]>
              </value>
            </param>
          </params>
          <reporter-output>
          </reporter-output>
        </test-method> <!-- setUp -->
        <test-method signature="endToEndTest()[pri:0, instance:com.WeatherShopper.UI.Testcases.TC0001@7995092a]" started-at="2021-12-03T12:47:26 IST" name="endToEndTest" finished-at="2021-12-03T12:47:44 IST" duration-ms="17622" status="PASS">
          <reporter-output>
          </reporter-output>
        </test-method> <!-- endToEndTest -->
        <test-method is-config="true" signature="tearDown()[pri:0, instance:com.WeatherShopper.UI.Testcases.TC0001@7995092a]" started-at="2021-12-03T12:47:44 IST" name="tearDown" finished-at="2021-12-03T12:47:44 IST" duration-ms="567" status="PASS">
          <reporter-output>
          </reporter-output>
        </test-method> <!-- tearDown -->
      </class> <!-- com.WeatherShopper.UI.Testcases.TC0001 -->
    </test> <!-- Edge Test -->
  </suite> <!-- Suite -->
</testng-results>
