<?xml version="1.0" encoding="UTF-8"?>
<testng-results ignored="0" total="2" passed="2" failed="0" skipped="0">
  <reporter-output>
  </reporter-output>
  <suite started-at="2021-12-03T11:41:04 IST" name="Suite" finished-at="2021-12-03T11:41:35 IST" duration-ms="30837">
    <groups>
    </groups>
    <test started-at="2021-12-03T11:41:04 IST" name="Chrome Test" finished-at="2021-12-03T11:41:26 IST" duration-ms="22041">
      <class name="com.WeatherShopper.UI.Testcases.TC0001">
        <test-method is-config="true" signature="setUp(java.lang.String)[pri:0, instance:com.WeatherShopper.UI.Testcases.TC0001@4ddced80]" started-at="2021-12-03T11:41:04 IST" name="setUp" finished-at="2021-12-03T11:41:07 IST" duration-ms="3260" status="PASS">
          <params>
            <param index="0">
              <value>
                <![CDATA[chrome]]>
              </value>
            </param>
          </params>
          <reporter-output>
          </reporter-output>
        </test-method> <!-- setUp -->
        <test-method signature="endToEndTest()[pri:0, instance:com.WeatherShopper.UI.Testcases.TC0001@4ddced80]" started-at="2021-12-03T11:41:07 IST" name="endToEndTest" finished-at="2021-12-03T11:41:26 IST" duration-ms="18745" status="PASS">
          <reporter-output>
          </reporter-output>
        </test-method> <!-- endToEndTest -->
        <test-method is-config="true" signature="tearDown()[pri:0, instance:com.WeatherShopper.UI.Testcases.TC0001@4ddced80]" started-at="2021-12-03T11:41:26 IST" name="tearDown" finished-at="2021-12-03T11:41:26 IST" duration-ms="0" status="PASS">
          <reporter-output>
          </reporter-output>
        </test-method> <!-- tearDown -->
        <test-method is-config="true" signature="tearDown()[pri:0, instance:com.WeatherShopper.UI.Testcases.TC0001@4ddced80]" started-at="2021-12-03T11:41:26 IST" name="tearDown" finished-at="2021-12-03T11:41:26 IST" duration-ms="1" status="PASS">
          <reporter-output>
          </reporter-output>
        </test-method> <!-- tearDown -->
      </class> <!-- com.WeatherShopper.UI.Testcases.TC0001 -->
    </test> <!-- Chrome Test -->
    <test started-at="2021-12-03T11:41:04 IST" name="Edge Test" finished-at="2021-12-03T11:41:35 IST" duration-ms="30837">
      <class name="com.WeatherShopper.UI.Testcases.TC0001">
        <test-method is-config="true" signature="setUp(java.lang.String)[pri:0, instance:com.WeatherShopper.UI.Testcases.TC0001@3c130745]" started-at="2021-12-03T11:41:04 IST" name="setUp" finished-at="2021-12-03T11:41:17 IST" duration-ms="13187" status="PASS">
          <params>
            <param index="0">
              <value>
                <![CDATA[Edge]]>
              </value>
            </param>
          </params>
          <reporter-output>
          </reporter-output>
        </test-method> <!-- setUp -->
        <test-method signature="endToEndTest()[pri:0, instance:com.WeatherShopper.UI.Testcases.TC0001@3c130745]" started-at="2021-12-03T11:41:17 IST" name="endToEndTest" finished-at="2021-12-03T11:41:35 IST" duration-ms="17643" status="PASS">
          <reporter-output>
          </reporter-output>
        </test-method> <!-- endToEndTest -->
        <test-method is-config="true" signature="tearDown()[pri:0, instance:com.WeatherShopper.UI.Testcases.TC0001@3c130745]" started-at="2021-12-03T11:41:35 IST" name="tearDown" finished-at="2021-12-03T11:41:35 IST" duration-ms="0" status="PASS">
          <reporter-output>
          </reporter-output>
        </test-method> <!-- tearDown -->
        <test-method is-config="true" signature="tearDown()[pri:0, instance:com.WeatherShopper.UI.Testcases.TC0001@3c130745]" started-at="2021-12-03T11:41:35 IST" name="tearDown" finished-at="2021-12-03T11:41:35 IST" duration-ms="0" status="PASS">
          <reporter-output>
          </reporter-output>
        </test-method> <!-- tearDown -->
      </class> <!-- com.WeatherShopper.UI.Testcases.TC0001 -->
    </test> <!-- Edge Test -->
  </suite> <!-- Suite -->
</testng-results>
